<?xml version="1.0" encoding="UTF-8"?>
<testsuite xmlns:xsi="http://www.w3.org/2001/XMLSchema-instance" xsi:noNamespaceSchemaLocation="https://maven.apache.org/surefire/maven-surefire-plugin/xsd/surefire-test-report.xsd" name="TestSuite" time="18.446" tests="9" errors="0" skipped="3" failures="6">
  <properties>
[...]
</properties>
  <testcase name="login" classname="testcases.LoginPageTests" time="13.671">
    <failure message="session not created: This version of ChromeDriver only supports Chrome version 101&#10;Current browser version is 103.0.5060.53 with binary path C:\Program Files\Google\Chrome\Application\chrome.exe&#10;Build info: version: &apos;3.141.59&apos;, revision: &apos;e82be7d358&apos;, time: &apos;2018-11-14T08:17:03&apos;&#10;System info: host: &apos;DESKTOP-BR3APVB&apos;, ip: &apos;192.168.29.227&apos;, os.name: &apos;Windows 10&apos;, os.arch: &apos;amd64&apos;, os.version: &apos;10.0&apos;, java.version: &apos;1.8.0_331&apos;&#10;Driver info: driver.version: ChromeDriver&#10;remote stacktrace: Backtrace:&#10;	Ordinal0 [0x0100B8F3+2406643]&#10;	Ordinal0 [0x00F9AF31+1945393]&#10;	Ordinal0 [0x00E8C748+837448]&#10;	Ordinal0 [0x00EAC8B3+968883]&#10;	Ordinal0 [0x00EA84BA+951482]&#10;	Ordinal0 [0x00EA5D71+941425]&#10;	Ordinal0 [0x00ED8EE0+1150688]&#10;	Ordinal0 [0x00ED8B3A+1149754]&#10;	Ordinal0 [0x00ED4096+1130646]&#10;	Ordinal0 [0x00EAE636+976438]&#10;	Ordinal0 [0x00EAF546+980294]&#10;	GetHandleVerifier [0x01279612+2498066]&#10;	GetHandleVerifier [0x0126C920+2445600]&#10;	GetHandleVerifier [0x010A4F2A+579370]&#10;	GetHandleVerifier [0x010A3D36+574774]&#10;	Ordinal0 [0x00FA1C0B+1973259]&#10;	Ordinal0 [0x00FA6688+1992328]&#10;	Ordinal0 [0x00FA6775+1992565]&#10;	Ordinal0 [0x00FAF8D1+2029777]&#10;	BaseThreadInitThunk [0x75DFFA29+25]&#10;	RtlGetAppContainerNamedObjectPath [0x773E7A7E+286]&#10;	RtlGetAppContainerNamedObjectPath [0x773E7A4E+238]&#10;" type="org.openqa.selenium.SessionNotCreatedException">org.openqa.selenium.SessionNotCreatedException: 
session not created: This version of ChromeDriver only supports Chrome version 101
Current browser version is 103.0.5060.53 with binary path C:\Program Files\Google\Chrome\Application\chrome.exe
Build info: version: '3.141.59', revision: 'e82be7d358', time: '2018-11-14T08:17:03'
System info: host: 'DESKTOP-BR3APVB', ip: '192.168.29.227', os.name: 'Windows 10', os.arch: 'amd64', os.version: '10.0', java.version: '1.8.0_331'
Driver info: driver.version: ChromeDriver
remote stacktrace: Backtrace:
	Ordinal0 [0x0100B8F3+2406643]
	Ordinal0 [0x00F9AF31+1945393]
	Ordinal0 [0x00E8C748+837448]
	Ordinal0 [0x00EAC8B3+968883]
	Ordinal0 [0x00EA84BA+951482]
	Ordinal0 [0x00EA5D71+941425]
	Ordinal0 [0x00ED8EE0+1150688]
	Ordinal0 [0x00ED8B3A+1149754]
	Ordinal0 [0x00ED4096+1130646]
	Ordinal0 [0x00EAE636+976438]
	Ordinal0 [0x00EAF546+980294]
	GetHandleVerifier [0x01279612+2498066]
	GetHandleVerifier [0x0126C920+2445600]
	GetHandleVerifier [0x010A4F2A+579370]
	GetHandleVerifier [0x010A3D36+574774]
	Ordinal0 [0x00FA1C0B+1973259]
	Ordinal0 [0x00FA6688+1992328]
	Ordinal0 [0x00FA6775+1992565]
	Ordinal0 [0x00FAF8D1+2029777]
	BaseThreadInitThunk [0x75DFFA29+25]
	RtlGetAppContainerNamedObjectPath [0x773E7A7E+286]
	RtlGetAppContainerNamedObjectPath [0x773E7A4E+238]

</failure>
    <system-out><![CDATA[[TestNGContentHandler] [WARN] It is strongly recommended to add "<!DOCTYPE suite SYSTEM "http://testng.org/testng-1.0.dtd" >" at the top of your file, otherwise TestNG may fail or not work as expected.
==> Test Case Execution Started
SetUp Browser
]]></system-out>
    <system-err><![CDATA[Starting ChromeDriver 101.0.4951.41 (93c720db8323b3ec10d056025ab95c23a31997c9-refs/branch-heads/4951@{#904}) on port 28437
Only local connections are allowed.
Please see https://chromedriver.chromium.org/security-considerations for suggestions on keeping ChromeDriver safe.
ChromeDriver was started successfully.
]]></system-err>
  </testcase>
  <testcase name="Admin_Login_VerifyLoginWithValidCredentials" classname="testcases.LoginPageTests" time="0">
    <skipped message="session not created: This version of ChromeDriver only supports Chrome version 101&#10;Current browser version is 103.0.5060.53 with binary path C:\Program Files\Google\Chrome\Application\chrome.exe&#10;Build info: version: &apos;3.141.59&apos;, revision: &apos;e82be7d358&apos;, time: &apos;2018-11-14T08:17:03&apos;&#10;System info: host: &apos;DESKTOP-BR3APVB&apos;, ip: &apos;192.168.29.227&apos;, os.name: &apos;Windows 10&apos;, os.arch: &apos;amd64&apos;, os.version: &apos;10.0&apos;, java.version: &apos;1.8.0_331&apos;&#10;Driver info: driver.version: ChromeDriver&#10;remote stacktrace: Backtrace:&#10;	Ordinal0 [0x0100B8F3+2406643]&#10;	Ordinal0 [0x00F9AF31+1945393]&#10;	Ordinal0 [0x00E8C748+837448]&#10;	Ordinal0 [0x00EAC8B3+968883]&#10;	Ordinal0 [0x00EA84BA+951482]&#10;	Ordinal0 [0x00EA5D71+941425]&#10;	Ordinal0 [0x00ED8EE0+1150688]&#10;	Ordinal0 [0x00ED8B3A+1149754]&#10;	Ordinal0 [0x00ED4096+1130646]&#10;	Ordinal0 [0x00EAE636+976438]&#10;	Ordinal0 [0x00EAF546+980294]&#10;	GetHandleVerifier [0x01279612+2498066]&#10;	GetHandleVerifier [0x0126C920+2445600]&#10;	GetHandleVerifier [0x010A4F2A+579370]&#10;	GetHandleVerifier [0x010A3D36+574774]&#10;	Ordinal0 [0x00FA1C0B+1973259]&#10;	Ordinal0 [0x00FA6688+1992328]&#10;	Ordinal0 [0x00FA6775+1992565]&#10;	Ordinal0 [0x00FAF8D1+2029777]&#10;	BaseThreadInitThunk [0x75DFFA29+25]&#10;	RtlGetAppContainerNamedObjectPath [0x773E7A7E+286]&#10;	RtlGetAppContainerNamedObjectPath [0x773E7A4E+238]&#10;"/>
    <system-out><![CDATA[Admin_Login_VerifyLoginWithValidCredentials==> Test Case SKIPPED
]]></system-out>
  </testcase>
  <testcase name="logout" classname="testcases.LoginPageTests" time="13.675">
    <failure type="java.lang.NullPointerException">java.lang.NullPointerException
</failure>
  </testcase>
  <testcase name="login" classname="testcases.DashboardPageTests" time="15.738">
    <failure message="session not created: This version of ChromeDriver only supports Chrome version 101&#10;Current browser version is 103.0.5060.53 with binary path C:\Program Files\Google\Chrome\Application\chrome.exe&#10;Build info: version: &apos;3.141.59&apos;, revision: &apos;e82be7d358&apos;, time: &apos;2018-11-14T08:17:03&apos;&#10;System info: host: &apos;DESKTOP-BR3APVB&apos;, ip: &apos;192.168.29.227&apos;, os.name: &apos;Windows 10&apos;, os.arch: &apos;amd64&apos;, os.version: &apos;10.0&apos;, java.version: &apos;1.8.0_331&apos;&#10;Driver info: driver.version: ChromeDriver&#10;remote stacktrace: Backtrace:&#10;	Ordinal0 [0x0100B8F3+2406643]&#10;	Ordinal0 [0x00F9AF31+1945393]&#10;	Ordinal0 [0x00E8C748+837448]&#10;	Ordinal0 [0x00EAC8B3+968883]&#10;	Ordinal0 [0x00EA84BA+951482]&#10;	Ordinal0 [0x00EA5D71+941425]&#10;	Ordinal0 [0x00ED8EE0+1150688]&#10;	Ordinal0 [0x00ED8B3A+1149754]&#10;	Ordinal0 [0x00ED4096+1130646]&#10;	Ordinal0 [0x00EAE636+976438]&#10;	Ordinal0 [0x00EAF546+980294]&#10;	GetHandleVerifier [0x01279612+2498066]&#10;	GetHandleVerifier [0x0126C920+2445600]&#10;	GetHandleVerifier [0x010A4F2A+579370]&#10;	GetHandleVerifier [0x010A3D36+574774]&#10;	Ordinal0 [0x00FA1C0B+1973259]&#10;	Ordinal0 [0x00FA6688+1992328]&#10;	Ordinal0 [0x00FA6775+1992565]&#10;	Ordinal0 [0x00FAF8D1+2029777]&#10;	BaseThreadInitThunk [0x75DFFA29+25]&#10;	RtlGetAppContainerNamedObjectPath [0x773E7A7E+286]&#10;	RtlGetAppContainerNamedObjectPath [0x773E7A4E+238]&#10;" type="org.openqa.selenium.SessionNotCreatedException">org.openqa.selenium.SessionNotCreatedException: 
session not created: This version of ChromeDriver only supports Chrome version 101
Current browser version is 103.0.5060.53 with binary path C:\Program Files\Google\Chrome\Application\chrome.exe
Build info: version: '3.141.59', revision: 'e82be7d358', time: '2018-11-14T08:17:03'
System info: host: 'DESKTOP-BR3APVB', ip: '192.168.29.227', os.name: 'Windows 10', os.arch: 'amd64', os.version: '10.0', java.version: '1.8.0_331'
Driver info: driver.version: ChromeDriver
remote stacktrace: Backtrace:
	Ordinal0 [0x0100B8F3+2406643]
	Ordinal0 [0x00F9AF31+1945393]
	Ordinal0 [0x00E8C748+837448]
	Ordinal0 [0x00EAC8B3+968883]
	Ordinal0 [0x00EA84BA+951482]
	Ordinal0 [0x00EA5D71+941425]
	Ordinal0 [0x00ED8EE0+1150688]
	Ordinal0 [0x00ED8B3A+1149754]
	Ordinal0 [0x00ED4096+1130646]
	Ordinal0 [0x00EAE636+976438]
	Ordinal0 [0x00EAF546+980294]
	GetHandleVerifier [0x01279612+2498066]
	GetHandleVerifier [0x0126C920+2445600]
	GetHandleVerifier [0x010A4F2A+579370]
	GetHandleVerifier [0x010A3D36+574774]
	Ordinal0 [0x00FA1C0B+1973259]
	Ordinal0 [0x00FA6688+1992328]
	Ordinal0 [0x00FA6775+1992565]
	Ordinal0 [0x00FAF8D1+2029777]
	BaseThreadInitThunk [0x75DFFA29+25]
	RtlGetAppContainerNamedObjectPath [0x773E7A7E+286]
	RtlGetAppContainerNamedObjectPath [0x773E7A4E+238]

</failure>
    <system-out><![CDATA[SetUp Browser
]]></system-out>
    <system-err><![CDATA[Starting ChromeDriver 101.0.4951.41 (93c720db8323b3ec10d056025ab95c23a31997c9-refs/branch-heads/4951@{#904}) on port 21696
Only local connections are allowed.
Please see https://chromedriver.chromium.org/security-considerations for suggestions on keeping ChromeDriver safe.
ChromeDriver was started successfully.
]]></system-err>
  </testcase>
  <testcase name="login" classname="testcases.DashboardPageTests" time="17.995">
    <failure message="session not created: This version of ChromeDriver only supports Chrome version 101&#10;Current browser version is 103.0.5060.53 with binary path C:\Program Files\Google\Chrome\Application\chrome.exe&#10;Build info: version: &apos;3.141.59&apos;, revision: &apos;e82be7d358&apos;, time: &apos;2018-11-14T08:17:03&apos;&#10;System info: host: &apos;DESKTOP-BR3APVB&apos;, ip: &apos;192.168.29.227&apos;, os.name: &apos;Windows 10&apos;, os.arch: &apos;amd64&apos;, os.version: &apos;10.0&apos;, java.version: &apos;1.8.0_331&apos;&#10;Driver info: driver.version: ChromeDriver&#10;remote stacktrace: Backtrace:&#10;	Ordinal0 [0x0100B8F3+2406643]&#10;	Ordinal0 [0x00F9AF31+1945393]&#10;	Ordinal0 [0x00E8C748+837448]&#10;	Ordinal0 [0x00EAC8B3+968883]&#10;	Ordinal0 [0x00EA84BA+951482]&#10;	Ordinal0 [0x00EA5D71+941425]&#10;	Ordinal0 [0x00ED8EE0+1150688]&#10;	Ordinal0 [0x00ED8B3A+1149754]&#10;	Ordinal0 [0x00ED4096+1130646]&#10;	Ordinal0 [0x00EAE636+976438]&#10;	Ordinal0 [0x00EAF546+980294]&#10;	GetHandleVerifier [0x01279612+2498066]&#10;	GetHandleVerifier [0x0126C920+2445600]&#10;	GetHandleVerifier [0x010A4F2A+579370]&#10;	GetHandleVerifier [0x010A3D36+574774]&#10;	Ordinal0 [0x00FA1C0B+1973259]&#10;	Ordinal0 [0x00FA6688+1992328]&#10;	Ordinal0 [0x00FA6775+1992565]&#10;	Ordinal0 [0x00FAF8D1+2029777]&#10;	BaseThreadInitThunk [0x75DFFA29+25]&#10;	RtlGetAppContainerNamedObjectPath [0x773E7A7E+286]&#10;	RtlGetAppContainerNamedObjectPath [0x773E7A4E+238]&#10;" type="org.openqa.selenium.SessionNotCreatedException">org.openqa.selenium.SessionNotCreatedException: 
session not created: This version of ChromeDriver only supports Chrome version 101
Current browser version is 103.0.5060.53 with binary path C:\Program Files\Google\Chrome\Application\chrome.exe
Build info: version: '3.141.59', revision: 'e82be7d358', time: '2018-11-14T08:17:03'
System info: host: 'DESKTOP-BR3APVB', ip: '192.168.29.227', os.name: 'Windows 10', os.arch: 'amd64', os.version: '10.0', java.version: '1.8.0_331'
Driver info: driver.version: ChromeDriver
remote stacktrace: Backtrace:
	Ordinal0 [0x0100B8F3+2406643]
	Ordinal0 [0x00F9AF31+1945393]
	Ordinal0 [0x00E8C748+837448]
	Ordinal0 [0x00EAC8B3+968883]
	Ordinal0 [0x00EA84BA+951482]
	Ordinal0 [0x00EA5D71+941425]
	Ordinal0 [0x00ED8EE0+1150688]
	Ordinal0 [0x00ED8B3A+1149754]
	Ordinal0 [0x00ED4096+1130646]
	Ordinal0 [0x00EAE636+976438]
	Ordinal0 [0x00EAF546+980294]
	GetHandleVerifier [0x01279612+2498066]
	GetHandleVerifier [0x0126C920+2445600]
	GetHandleVerifier [0x010A4F2A+579370]
	GetHandleVerifier [0x010A3D36+574774]
	Ordinal0 [0x00FA1C0B+1973259]
	Ordinal0 [0x00FA6688+1992328]
	Ordinal0 [0x00FA6775+1992565]
	Ordinal0 [0x00FAF8D1+2029777]
	BaseThreadInitThunk [0x75DFFA29+25]
	RtlGetAppContainerNamedObjectPath [0x773E7A7E+286]
	RtlGetAppContainerNamedObjectPath [0x773E7A4E+238]

</failure>
    <system-out><![CDATA[SetUp Browser
]]></system-out>
    <system-err><![CDATA[Starting ChromeDriver 101.0.4951.41 (93c720db8323b3ec10d056025ab95c23a31997c9-refs/branch-heads/4951@{#904}) on port 35272
Only local connections are allowed.
Please see https://chromedriver.chromium.org/security-considerations for suggestions on keeping ChromeDriver safe.
ChromeDriver was started successfully.
]]></system-err>
  </testcase>
  <testcase name="verifyAssignLeave" classname="testcases.DashboardPageTests" time="0">
    <skipped message="session not created: This version of ChromeDriver only supports Chrome version 101&#10;Current browser version is 103.0.5060.53 with binary path C:\Program Files\Google\Chrome\Application\chrome.exe&#10;Build info: version: &apos;3.141.59&apos;, revision: &apos;e82be7d358&apos;, time: &apos;2018-11-14T08:17:03&apos;&#10;System info: host: &apos;DESKTOP-BR3APVB&apos;, ip: &apos;192.168.29.227&apos;, os.name: &apos;Windows 10&apos;, os.arch: &apos;amd64&apos;, os.version: &apos;10.0&apos;, java.version: &apos;1.8.0_331&apos;&#10;Driver info: driver.version: ChromeDriver&#10;remote stacktrace: Backtrace:&#10;	Ordinal0 [0x0100B8F3+2406643]&#10;	Ordinal0 [0x00F9AF31+1945393]&#10;	Ordinal0 [0x00E8C748+837448]&#10;	Ordinal0 [0x00EAC8B3+968883]&#10;	Ordinal0 [0x00EA84BA+951482]&#10;	Ordinal0 [0x00EA5D71+941425]&#10;	Ordinal0 [0x00ED8EE0+1150688]&#10;	Ordinal0 [0x00ED8B3A+1149754]&#10;	Ordinal0 [0x00ED4096+1130646]&#10;	Ordinal0 [0x00EAE636+976438]&#10;	Ordinal0 [0x00EAF546+980294]&#10;	GetHandleVerifier [0x01279612+2498066]&#10;	GetHandleVerifier [0x0126C920+2445600]&#10;	GetHandleVerifier [0x010A4F2A+579370]&#10;	GetHandleVerifier [0x010A3D36+574774]&#10;	Ordinal0 [0x00FA1C0B+1973259]&#10;	Ordinal0 [0x00FA6688+1992328]&#10;	Ordinal0 [0x00FA6775+1992565]&#10;	Ordinal0 [0x00FAF8D1+2029777]&#10;	BaseThreadInitThunk [0x75DFFA29+25]&#10;	RtlGetAppContainerNamedObjectPath [0x773E7A7E+286]&#10;	RtlGetAppContainerNamedObjectPath [0x773E7A4E+238]&#10;"/>
    <system-out><![CDATA[verifyAssignLeave==> Test Case SKIPPED
]]></system-out>
  </testcase>
  <testcase name="logout" classname="testcases.DashboardPageTests" time="15.741">
    <failure type="java.lang.NullPointerException">java.lang.NullPointerException
</failure>
  </testcase>
  <testcase name="logout" classname="testcases.DashboardPageTests" time="17.996">
    <failure type="java.lang.NullPointerException">java.lang.NullPointerException
</failure>
  </testcase>
  <testcase name="verifyLeaveList" classname="testcases.DashboardPageTests" time="0">
    <skipped/>
    <system-out><![CDATA[verifyLeaveList==> Test Case SKIPPED
]]></system-out>
  </testcase>
</testsuite>